2021-09-20T18:59:16.9572951+05:45 [ERR] (Microsoft.AspNetCore.Diagnostics.DeveloperExceptionPageMiddleware) An unhandled exception has occurred while executing the request.
System.InvalidOperationException: StatusCode cannot be set because the response has already started.
   at Microsoft.AspNetCore.Server.IIS.Core.IISHttpContext.ThrowResponseAlreadyStartedException(String name)
   at Microsoft.AspNetCore.Server.IIS.Core.IISHttpContext.set_StatusCode(Int32 value)
   at Microsoft.AspNetCore.Server.IIS.Core.IISHttpContext.Microsoft.AspNetCore.Http.Features.IHttpResponseFeature.set_StatusCode(Int32 value)
   at Microsoft.AspNetCore.Http.DefaultHttpResponse.set_StatusCode(Int32 value)
   at Swashbuckle.AspNetCore.SwaggerUI.SwaggerUIMiddleware.RespondWithIndexHtml(HttpResponse response)
   at Swashbuckle.AspNetCore.SwaggerUI.SwaggerUIMiddleware.Invoke(HttpContext httpContext)
   at Swashbuckle.AspNetCore.Swagger.SwaggerMiddleware.Invoke(HttpContext httpContext, ISwaggerProvider swaggerProvider)
   at WanderLust.Startup.<>c.<<Configure>b__5_0>d.MoveNext() in C:\Users\hp\source\repos\Wanderlust\WanderLust\Startup.cs:line 180
--- End of stack trace from previous location where exception was thrown ---
   at Microsoft.AspNetCore.Authorization.AuthorizationMiddleware.Invoke(HttpContext context)
   at Microsoft.AspNetCore.Authentication.AuthenticationMiddleware.Invoke(HttpContext context)
   at Microsoft.AspNetCore.Diagnostics.DeveloperExceptionPageMiddleware.Invoke(HttpContext context)
2021-09-20T18:59:18.2857182+05:45 [ERR] (Microsoft.AspNetCore.Diagnostics.DeveloperExceptionPageMiddleware) An unhandled exception has occurred while executing the request.
System.InvalidOperationException: StatusCode cannot be set because the response has already started.
   at Microsoft.AspNetCore.Server.IIS.Core.IISHttpContext.ThrowResponseAlreadyStartedException(String name)
   at Microsoft.AspNetCore.Server.IIS.Core.IISHttpContext.set_StatusCode(Int32 value)
   at Microsoft.AspNetCore.Server.IIS.Core.IISHttpContext.Microsoft.AspNetCore.Http.Features.IHttpResponseFeature.set_StatusCode(Int32 value)
   at Microsoft.AspNetCore.Http.DefaultHttpResponse.set_StatusCode(Int32 value)
   at Microsoft.AspNetCore.StaticFiles.StaticFileContext.ApplyResponseHeaders(Int32 statusCode)
   at Microsoft.AspNetCore.StaticFiles.StaticFileContext.SendAsync()
   at Microsoft.AspNetCore.StaticFiles.StaticFileContext.ServeStaticFile(HttpContext context, RequestDelegate next)
   at Swashbuckle.AspNetCore.SwaggerUI.SwaggerUIMiddleware.Invoke(HttpContext httpContext)
   at Swashbuckle.AspNetCore.Swagger.SwaggerMiddleware.Invoke(HttpContext httpContext, ISwaggerProvider swaggerProvider)
   at WanderLust.Startup.<>c.<<Configure>b__5_0>d.MoveNext() in C:\Users\hp\source\repos\Wanderlust\WanderLust\Startup.cs:line 180
--- End of stack trace from previous location where exception was thrown ---
   at Microsoft.AspNetCore.Authorization.AuthorizationMiddleware.Invoke(HttpContext context)
   at Microsoft.AspNetCore.Authentication.AuthenticationMiddleware.Invoke(HttpContext context)
   at Microsoft.AspNetCore.Diagnostics.DeveloperExceptionPageMiddleware.Invoke(HttpContext context)
2021-09-20T18:59:18.2870651+05:45 [ERR] (Microsoft.AspNetCore.Diagnostics.DeveloperExceptionPageMiddleware) An unhandled exception has occurred while executing the request.
System.InvalidOperationException: StatusCode cannot be set because the response has already started.
   at Microsoft.AspNetCore.Server.IIS.Core.IISHttpContext.ThrowResponseAlreadyStartedException(String name)
   at Microsoft.AspNetCore.Server.IIS.Core.IISHttpContext.set_StatusCode(Int32 value)
   at Microsoft.AspNetCore.Server.IIS.Core.IISHttpContext.Microsoft.AspNetCore.Http.Features.IHttpResponseFeature.set_StatusCode(Int32 value)
   at Microsoft.AspNetCore.Http.DefaultHttpResponse.set_StatusCode(Int32 value)
   at Microsoft.AspNetCore.StaticFiles.StaticFileContext.ApplyResponseHeaders(Int32 statusCode)
   at Microsoft.AspNetCore.StaticFiles.StaticFileContext.SendAsync()
   at Microsoft.AspNetCore.StaticFiles.StaticFileContext.ServeStaticFile(HttpContext context, RequestDelegate next)
   at Swashbuckle.AspNetCore.SwaggerUI.SwaggerUIMiddleware.Invoke(HttpContext httpContext)
   at Swashbuckle.AspNetCore.Swagger.SwaggerMiddleware.Invoke(HttpContext httpContext, ISwaggerProvider swaggerProvider)
   at WanderLust.Startup.<>c.<<Configure>b__5_0>d.MoveNext() in C:\Users\hp\source\repos\Wanderlust\WanderLust\Startup.cs:line 180
--- End of stack trace from previous location where exception was thrown ---
   at Microsoft.AspNetCore.Authorization.AuthorizationMiddleware.Invoke(HttpContext context)
   at Microsoft.AspNetCore.Authentication.AuthenticationMiddleware.Invoke(HttpContext context)
   at Microsoft.AspNetCore.Diagnostics.DeveloperExceptionPageMiddleware.Invoke(HttpContext context)
2021-09-20T18:59:18.4735844+05:45 [WRN] (Microsoft.AspNetCore.Diagnostics.DeveloperExceptionPageMiddleware) The response has already started, the error page middleware will not be executed.
2021-09-20T18:59:17.4779007+05:45 [ERR] (Microsoft.AspNetCore.Diagnostics.DeveloperExceptionPageMiddleware) An unhandled exception has occurred while executing the request.
System.InvalidOperationException: StatusCode cannot be set because the response has already started.
   at Microsoft.AspNetCore.Server.IIS.Core.IISHttpContext.ThrowResponseAlreadyStartedException(String name)
   at Microsoft.AspNetCore.Server.IIS.Core.IISHttpContext.set_StatusCode(Int32 value)
   at Microsoft.AspNetCore.Server.IIS.Core.IISHttpContext.Microsoft.AspNetCore.Http.Features.IHttpResponseFeature.set_StatusCode(Int32 value)
   at Microsoft.AspNetCore.Http.DefaultHttpResponse.set_StatusCode(Int32 value)
   at Microsoft.AspNetCore.StaticFiles.StaticFileContext.ApplyResponseHeaders(Int32 statusCode)
   at Microsoft.AspNetCore.StaticFiles.StaticFileContext.SendAsync()
   at Microsoft.AspNetCore.StaticFiles.StaticFileContext.ServeStaticFile(HttpContext context, RequestDelegate next)
   at Swashbuckle.AspNetCore.SwaggerUI.SwaggerUIMiddleware.Invoke(HttpContext httpContext)
   at Swashbuckle.AspNetCore.Swagger.SwaggerMiddleware.Invoke(HttpContext httpContext, ISwaggerProvider swaggerProvider)
   at WanderLust.Startup.<>c.<<Configure>b__5_0>d.MoveNext() in C:\Users\hp\source\repos\Wanderlust\WanderLust\Startup.cs:line 180
--- End of stack trace from previous location where exception was thrown ---
   at Microsoft.AspNetCore.Authorization.AuthorizationMiddleware.Invoke(HttpContext context)
   at Microsoft.AspNetCore.Authentication.AuthenticationMiddleware.Invoke(HttpContext context)
   at Microsoft.AspNetCore.Diagnostics.DeveloperExceptionPageMiddleware.Invoke(HttpContext context)
2021-09-20T18:59:18.4662349+05:45 [WRN] (Microsoft.AspNetCore.Diagnostics.DeveloperExceptionPageMiddleware) The response has already started, the error page middleware will not be executed.
2021-09-20T18:59:18.4759611+05:45 [WRN] (Microsoft.AspNetCore.Diagnostics.DeveloperExceptionPageMiddleware) The response has already started, the error page middleware will not be executed.
2021-09-20T18:59:18.4723850+05:45 [WRN] (Microsoft.AspNetCore.Diagnostics.DeveloperExceptionPageMiddleware) The response has already started, the error page middleware will not be executed.
2021-09-20T18:59:18.4935367+05:45 [ERR] (Microsoft.AspNetCore.Server.IIS.Core.IISHttpServer) Connection ID ""18014398519682531343"", Request ID ""80000010-0002-fa00-b63f-84710c7967bb"": An unhandled exception was thrown by the application.
System.InvalidOperationException: StatusCode cannot be set because the response has already started.
   at Microsoft.AspNetCore.Server.IIS.Core.IISHttpContext.ThrowResponseAlreadyStartedException(String name)
   at Microsoft.AspNetCore.Server.IIS.Core.IISHttpContext.set_StatusCode(Int32 value)
   at Microsoft.AspNetCore.Server.IIS.Core.IISHttpContext.Microsoft.AspNetCore.Http.Features.IHttpResponseFeature.set_StatusCode(Int32 value)
   at Microsoft.AspNetCore.Http.DefaultHttpResponse.set_StatusCode(Int32 value)
   at Microsoft.AspNetCore.StaticFiles.StaticFileContext.ApplyResponseHeaders(Int32 statusCode)
   at Microsoft.AspNetCore.StaticFiles.StaticFileContext.SendAsync()
   at Microsoft.AspNetCore.StaticFiles.StaticFileContext.ServeStaticFile(HttpContext context, RequestDelegate next)
   at Swashbuckle.AspNetCore.SwaggerUI.SwaggerUIMiddleware.Invoke(HttpContext httpContext)
   at Swashbuckle.AspNetCore.Swagger.SwaggerMiddleware.Invoke(HttpContext httpContext, ISwaggerProvider swaggerProvider)
   at WanderLust.Startup.<>c.<<Configure>b__5_0>d.MoveNext() in C:\Users\hp\source\repos\Wanderlust\WanderLust\Startup.cs:line 180
--- End of stack trace from previous location where exception was thrown ---
   at Microsoft.AspNetCore.Authorization.AuthorizationMiddleware.Invoke(HttpContext context)
   at Microsoft.AspNetCore.Authentication.AuthenticationMiddleware.Invoke(HttpContext context)
   at Microsoft.AspNetCore.Diagnostics.DeveloperExceptionPageMiddleware.Invoke(HttpContext context)
   at Microsoft.AspNetCore.Diagnostics.DeveloperExceptionPageMiddleware.Invoke(HttpContext context)
   at Microsoft.AspNetCore.Server.IIS.Core.IISHttpContextOfT`1.ProcessRequestAsync()
2021-09-20T18:59:18.4936121+05:45 [ERR] (Microsoft.AspNetCore.Server.IIS.Core.IISHttpServer) Connection ID ""18230571301796315159"", Request ID ""80000018-0002-fd00-b63f-84710c7967bb"": An unhandled exception was thrown by the application.
System.InvalidOperationException: StatusCode cannot be set because the response has already started.
   at Microsoft.AspNetCore.Server.IIS.Core.IISHttpContext.ThrowResponseAlreadyStartedException(String name)
   at Microsoft.AspNetCore.Server.IIS.Core.IISHttpContext.set_StatusCode(Int32 value)
   at Microsoft.AspNetCore.Server.IIS.Core.IISHttpContext.Microsoft.AspNetCore.Http.Features.IHttpResponseFeature.set_StatusCode(Int32 value)
   at Microsoft.AspNetCore.Http.DefaultHttpResponse.set_StatusCode(Int32 value)
   at Swashbuckle.AspNetCore.SwaggerUI.SwaggerUIMiddleware.RespondWithIndexHtml(HttpResponse response)
   at Swashbuckle.AspNetCore.SwaggerUI.SwaggerUIMiddleware.Invoke(HttpContext httpContext)
   at Swashbuckle.AspNetCore.Swagger.SwaggerMiddleware.Invoke(HttpContext httpContext, ISwaggerProvider swaggerProvider)
   at WanderLust.Startup.<>c.<<Configure>b__5_0>d.MoveNext() in C:\Users\hp\source\repos\Wanderlust\WanderLust\Startup.cs:line 180
--- End of stack trace from previous location where exception was thrown ---
   at Microsoft.AspNetCore.Authorization.AuthorizationMiddleware.Invoke(HttpContext context)
   at Microsoft.AspNetCore.Authentication.AuthenticationMiddleware.Invoke(HttpContext context)
   at Microsoft.AspNetCore.Diagnostics.DeveloperExceptionPageMiddleware.Invoke(HttpContext context)
   at Microsoft.AspNetCore.Diagnostics.DeveloperExceptionPageMiddleware.Invoke(HttpContext context)
   at Microsoft.AspNetCore.Server.IIS.Core.IISHttpContextOfT`1.ProcessRequestAsync()
2021-09-20T18:59:18.4937556+05:45 [ERR] (Microsoft.AspNetCore.Server.IIS.Core.IISHttpServer) Connection ID ""18086456105130524713"", Request ID ""8000002a-0000-fb00-b63f-84710c7967bb"": An unhandled exception was thrown by the application.
System.InvalidOperationException: StatusCode cannot be set because the response has already started.
   at Microsoft.AspNetCore.Server.IIS.Core.IISHttpContext.ThrowResponseAlreadyStartedException(String name)
   at Microsoft.AspNetCore.Server.IIS.Core.IISHttpContext.set_StatusCode(Int32 value)
   at Microsoft.AspNetCore.Server.IIS.Core.IISHttpContext.Microsoft.AspNetCore.Http.Features.IHttpResponseFeature.set_StatusCode(Int32 value)
   at Microsoft.AspNetCore.Http.DefaultHttpResponse.set_StatusCode(Int32 value)
   at Microsoft.AspNetCore.StaticFiles.StaticFileContext.ApplyResponseHeaders(Int32 statusCode)
   at Microsoft.AspNetCore.StaticFiles.StaticFileContext.SendAsync()
   at Microsoft.AspNetCore.StaticFiles.StaticFileContext.ServeStaticFile(HttpContext context, RequestDelegate next)
   at Swashbuckle.AspNetCore.SwaggerUI.SwaggerUIMiddleware.Invoke(HttpContext httpContext)
   at Swashbuckle.AspNetCore.Swagger.SwaggerMiddleware.Invoke(HttpContext httpContext, ISwaggerProvider swaggerProvider)
   at WanderLust.Startup.<>c.<<Configure>b__5_0>d.MoveNext() in C:\Users\hp\source\repos\Wanderlust\WanderLust\Startup.cs:line 180
--- End of stack trace from previous location where exception was thrown ---
   at Microsoft.AspNetCore.Authorization.AuthorizationMiddleware.Invoke(HttpContext context)
   at Microsoft.AspNetCore.Authentication.AuthenticationMiddleware.Invoke(HttpContext context)
   at Microsoft.AspNetCore.Diagnostics.DeveloperExceptionPageMiddleware.Invoke(HttpContext context)
   at Microsoft.AspNetCore.Diagnostics.DeveloperExceptionPageMiddleware.Invoke(HttpContext context)
   at Microsoft.AspNetCore.Server.IIS.Core.IISHttpContextOfT`1.ProcessRequestAsync()
2021-09-20T18:59:18.4938390+05:45 [ERR] (Microsoft.AspNetCore.Server.IIS.Core.IISHttpServer) Connection ID ""17798225737568747527"", Request ID ""80000008-0002-f700-b63f-84710c7967bb"": An unhandled exception was thrown by the application.
System.InvalidOperationException: StatusCode cannot be set because the response has already started.
   at Microsoft.AspNetCore.Server.IIS.Core.IISHttpContext.ThrowResponseAlreadyStartedException(String name)
   at Microsoft.AspNetCore.Server.IIS.Core.IISHttpContext.set_StatusCode(Int32 value)
   at Microsoft.AspNetCore.Server.IIS.Core.IISHttpContext.Microsoft.AspNetCore.Http.Features.IHttpResponseFeature.set_StatusCode(Int32 value)
   at Microsoft.AspNetCore.Http.DefaultHttpResponse.set_StatusCode(Int32 value)
   at Microsoft.AspNetCore.StaticFiles.StaticFileContext.ApplyResponseHeaders(Int32 statusCode)
   at Microsoft.AspNetCore.StaticFiles.StaticFileContext.SendAsync()
   at Microsoft.AspNetCore.StaticFiles.StaticFileContext.ServeStaticFile(HttpContext context, RequestDelegate next)
   at Swashbuckle.AspNetCore.SwaggerUI.SwaggerUIMiddleware.Invoke(HttpContext httpContext)
   at Swashbuckle.AspNetCore.Swagger.SwaggerMiddleware.Invoke(HttpContext httpContext, ISwaggerProvider swaggerProvider)
   at WanderLust.Startup.<>c.<<Configure>b__5_0>d.MoveNext() in C:\Users\hp\source\repos\Wanderlust\WanderLust\Startup.cs:line 180
--- End of stack trace from previous location where exception was thrown ---
   at Microsoft.AspNetCore.Authorization.AuthorizationMiddleware.Invoke(HttpContext context)
   at Microsoft.AspNetCore.Authentication.AuthenticationMiddleware.Invoke(HttpContext context)
   at Microsoft.AspNetCore.Diagnostics.DeveloperExceptionPageMiddleware.Invoke(HttpContext context)
   at Microsoft.AspNetCore.Diagnostics.DeveloperExceptionPageMiddleware.Invoke(HttpContext context)
   at Microsoft.AspNetCore.Server.IIS.Core.IISHttpContextOfT`1.ProcessRequestAsync()
2021-09-20T18:59:22.0531871+05:45 [ERR] (Microsoft.AspNetCore.Diagnostics.DeveloperExceptionPageMiddleware) An unhandled exception has occurred while executing the request.
System.InvalidOperationException: StatusCode cannot be set because the response has already started.
   at Microsoft.AspNetCore.Server.IIS.Core.IISHttpContext.ThrowResponseAlreadyStartedException(String name)
   at Microsoft.AspNetCore.Server.IIS.Core.IISHttpContext.set_StatusCode(Int32 value)
   at Microsoft.AspNetCore.Server.IIS.Core.IISHttpContext.Microsoft.AspNetCore.Http.Features.IHttpResponseFeature.set_StatusCode(Int32 value)
   at Microsoft.AspNetCore.Http.DefaultHttpResponse.set_StatusCode(Int32 value)
   at Microsoft.AspNetCore.StaticFiles.StaticFileContext.ApplyResponseHeaders(Int32 statusCode)
   at Microsoft.AspNetCore.StaticFiles.StaticFileContext.SendAsync()
   at Microsoft.AspNetCore.StaticFiles.StaticFileContext.ServeStaticFile(HttpContext context, RequestDelegate next)
   at Swashbuckle.AspNetCore.SwaggerUI.SwaggerUIMiddleware.Invoke(HttpContext httpContext)
   at Swashbuckle.AspNetCore.Swagger.SwaggerMiddleware.Invoke(HttpContext httpContext, ISwaggerProvider swaggerProvider)
   at WanderLust.Startup.<>c.<<Configure>b__5_0>d.MoveNext() in C:\Users\hp\source\repos\Wanderlust\WanderLust\Startup.cs:line 180
--- End of stack trace from previous location where exception was thrown ---
   at Microsoft.AspNetCore.Authorization.AuthorizationMiddleware.Invoke(HttpContext context)
   at Microsoft.AspNetCore.Authentication.AuthenticationMiddleware.Invoke(HttpContext context)
   at Microsoft.AspNetCore.Diagnostics.DeveloperExceptionPageMiddleware.Invoke(HttpContext context)
2021-09-20T18:59:22.0560635+05:45 [WRN] (Microsoft.AspNetCore.Diagnostics.DeveloperExceptionPageMiddleware) The response has already started, the error page middleware will not be executed.
2021-09-20T18:59:22.0607350+05:45 [ERR] (Microsoft.AspNetCore.Server.IIS.Core.IISHttpServer) Connection ID ""18374686481282236454"", Request ID ""80000027-0000-ff00-b63f-84710c7967bb"": An unhandled exception was thrown by the application.
System.InvalidOperationException: StatusCode cannot be set because the response has already started.
   at Microsoft.AspNetCore.Server.IIS.Core.IISHttpContext.ThrowResponseAlreadyStartedException(String name)
   at Microsoft.AspNetCore.Server.IIS.Core.IISHttpContext.set_StatusCode(Int32 value)
   at Microsoft.AspNetCore.Server.IIS.Core.IISHttpContext.Microsoft.AspNetCore.Http.Features.IHttpResponseFeature.set_StatusCode(Int32 value)
   at Microsoft.AspNetCore.Http.DefaultHttpResponse.set_StatusCode(Int32 value)
   at Microsoft.AspNetCore.StaticFiles.StaticFileContext.ApplyResponseHeaders(Int32 statusCode)
   at Microsoft.AspNetCore.StaticFiles.StaticFileContext.SendAsync()
   at Microsoft.AspNetCore.StaticFiles.StaticFileContext.ServeStaticFile(HttpContext context, RequestDelegate next)
   at Swashbuckle.AspNetCore.SwaggerUI.SwaggerUIMiddleware.Invoke(HttpContext httpContext)
   at Swashbuckle.AspNetCore.Swagger.SwaggerMiddleware.Invoke(HttpContext httpContext, ISwaggerProvider swaggerProvider)
   at WanderLust.Startup.<>c.<<Configure>b__5_0>d.MoveNext() in C:\Users\hp\source\repos\Wanderlust\WanderLust\Startup.cs:line 180
--- End of stack trace from previous location where exception was thrown ---
   at Microsoft.AspNetCore.Authorization.AuthorizationMiddleware.Invoke(HttpContext context)
   at Microsoft.AspNetCore.Authentication.AuthenticationMiddleware.Invoke(HttpContext context)
   at Microsoft.AspNetCore.Diagnostics.DeveloperExceptionPageMiddleware.Invoke(HttpContext context)
   at Microsoft.AspNetCore.Diagnostics.DeveloperExceptionPageMiddleware.Invoke(HttpContext context)
   at Microsoft.AspNetCore.Server.IIS.Core.IISHttpContextOfT`1.ProcessRequestAsync()
2021-09-20T18:59:24.0422519+05:45 [ERR] (Microsoft.AspNetCore.Diagnostics.DeveloperExceptionPageMiddleware) An unhandled exception has occurred while executing the request.
System.InvalidOperationException: StatusCode cannot be set because the response has already started.
   at Microsoft.AspNetCore.Server.IIS.Core.IISHttpContext.ThrowResponseAlreadyStartedException(String name)
   at Microsoft.AspNetCore.Server.IIS.Core.IISHttpContext.set_StatusCode(Int32 value)
   at Microsoft.AspNetCore.Server.IIS.Core.IISHttpContext.Microsoft.AspNetCore.Http.Features.IHttpResponseFeature.set_StatusCode(Int32 value)
   at Microsoft.AspNetCore.Http.DefaultHttpResponse.set_StatusCode(Int32 value)
   at Swashbuckle.AspNetCore.Swagger.SwaggerMiddleware.RespondWithSwaggerJson(HttpResponse response, OpenApiDocument swagger)
   at Swashbuckle.AspNetCore.Swagger.SwaggerMiddleware.Invoke(HttpContext httpContext, ISwaggerProvider swaggerProvider)
   at WanderLust.Startup.<>c.<<Configure>b__5_0>d.MoveNext() in C:\Users\hp\source\repos\Wanderlust\WanderLust\Startup.cs:line 180
--- End of stack trace from previous location where exception was thrown ---
   at Microsoft.AspNetCore.Authorization.AuthorizationMiddleware.Invoke(HttpContext context)
   at Microsoft.AspNetCore.Authentication.AuthenticationMiddleware.Invoke(HttpContext context)
   at Microsoft.AspNetCore.Diagnostics.DeveloperExceptionPageMiddleware.Invoke(HttpContext context)
2021-09-20T18:59:24.0524392+05:45 [WRN] (Microsoft.AspNetCore.Diagnostics.DeveloperExceptionPageMiddleware) The response has already started, the error page middleware will not be executed.
2021-09-20T18:59:24.0561422+05:45 [ERR] (Microsoft.AspNetCore.Server.IIS.Core.IISHttpServer) Connection ID ""18302628891539275800"", Request ID ""80000019-0001-fe00-b63f-84710c7967bb"": An unhandled exception was thrown by the application.
System.InvalidOperationException: StatusCode cannot be set because the response has already started.
   at Microsoft.AspNetCore.Server.IIS.Core.IISHttpContext.ThrowResponseAlreadyStartedException(String name)
   at Microsoft.AspNetCore.Server.IIS.Core.IISHttpContext.set_StatusCode(Int32 value)
   at Microsoft.AspNetCore.Server.IIS.Core.IISHttpContext.Microsoft.AspNetCore.Http.Features.IHttpResponseFeature.set_StatusCode(Int32 value)
   at Microsoft.AspNetCore.Http.DefaultHttpResponse.set_StatusCode(Int32 value)
   at Swashbuckle.AspNetCore.Swagger.SwaggerMiddleware.RespondWithSwaggerJson(HttpResponse response, OpenApiDocument swagger)
   at Swashbuckle.AspNetCore.Swagger.SwaggerMiddleware.Invoke(HttpContext httpContext, ISwaggerProvider swaggerProvider)
   at WanderLust.Startup.<>c.<<Configure>b__5_0>d.MoveNext() in C:\Users\hp\source\repos\Wanderlust\WanderLust\Startup.cs:line 180
--- End of stack trace from previous location where exception was thrown ---
   at Microsoft.AspNetCore.Authorization.AuthorizationMiddleware.Invoke(HttpContext context)
   at Microsoft.AspNetCore.Authentication.AuthenticationMiddleware.Invoke(HttpContext context)
   at Microsoft.AspNetCore.Diagnostics.DeveloperExceptionPageMiddleware.Invoke(HttpContext context)
   at Microsoft.AspNetCore.Diagnostics.DeveloperExceptionPageMiddleware.Invoke(HttpContext context)
   at Microsoft.AspNetCore.Server.IIS.Core.IISHttpContextOfT`1.ProcessRequestAsync()
2021-09-20T18:59:32.5651179+05:45 [ERR] (Microsoft.AspNetCore.Diagnostics.DeveloperExceptionPageMiddleware) An unhandled exception has occurred while executing the request.
System.InvalidOperationException: Response already started
   at Microsoft.AspNetCore.Server.IIS.Core.IISHttpContext.OnStarting(Func`2 callback, Object state)
   at Microsoft.AspNetCore.Server.IIS.Core.IISHttpContext.Microsoft.AspNetCore.Http.Features.IHttpResponseFeature.OnStarting(Func`2 callback, Object state)
   at Microsoft.AspNetCore.Http.DefaultHttpResponse.OnStarting(Func`2 callback, Object state)
   at Microsoft.AspNetCore.Cors.Infrastructure.CorsMiddleware.EvaluateAndApplyPolicy(HttpContext context, CorsPolicy corsPolicy)
   at Microsoft.AspNetCore.Cors.Infrastructure.CorsMiddleware.Invoke(HttpContext context, ICorsPolicyProvider corsPolicyProvider)
   at Microsoft.AspNetCore.Builder.UseMiddlewareExtensions.<>c__DisplayClass4_1.<UseMiddleware>b__2(HttpContext context)
   at Microsoft.AspNetCore.StaticFiles.StaticFileMiddleware.Invoke(HttpContext context)
   at Swashbuckle.AspNetCore.SwaggerUI.SwaggerUIMiddleware.Invoke(HttpContext httpContext)
   at Swashbuckle.AspNetCore.Swagger.SwaggerMiddleware.Invoke(HttpContext httpContext, ISwaggerProvider swaggerProvider)
   at WanderLust.Startup.<>c.<<Configure>b__5_0>d.MoveNext() in C:\Users\hp\source\repos\Wanderlust\WanderLust\Startup.cs:line 180
--- End of stack trace from previous location where exception was thrown ---
   at Microsoft.AspNetCore.Authorization.AuthorizationMiddleware.Invoke(HttpContext context)
   at Microsoft.AspNetCore.Authentication.AuthenticationMiddleware.Invoke(HttpContext context)
   at Microsoft.AspNetCore.Routing.EndpointRoutingMiddleware.<Invoke>g__AwaitMatcher|8_0(EndpointRoutingMiddleware middleware, HttpContext httpContext, Task`1 matcherTask)
   at Microsoft.AspNetCore.Diagnostics.DeveloperExceptionPageMiddleware.Invoke(HttpContext context)
2021-09-20T18:59:32.5940063+05:45 [WRN] (Microsoft.AspNetCore.Diagnostics.DeveloperExceptionPageMiddleware) The response has already started, the error page middleware will not be executed.
2021-09-20T18:59:32.6067324+05:45 [ERR] (Microsoft.AspNetCore.Server.IIS.Core.IISHttpServer) Connection ID ""18230571293206380559"", Request ID ""80000010-0000-fd00-b63f-84710c7967bb"": An unhandled exception was thrown by the application.
System.InvalidOperationException: Response already started
   at Microsoft.AspNetCore.Server.IIS.Core.IISHttpContext.OnStarting(Func`2 callback, Object state)
   at Microsoft.AspNetCore.Server.IIS.Core.IISHttpContext.Microsoft.AspNetCore.Http.Features.IHttpResponseFeature.OnStarting(Func`2 callback, Object state)
   at Microsoft.AspNetCore.Http.DefaultHttpResponse.OnStarting(Func`2 callback, Object state)
   at Microsoft.AspNetCore.Cors.Infrastructure.CorsMiddleware.EvaluateAndApplyPolicy(HttpContext context, CorsPolicy corsPolicy)
   at Microsoft.AspNetCore.Cors.Infrastructure.CorsMiddleware.Invoke(HttpContext context, ICorsPolicyProvider corsPolicyProvider)
   at Microsoft.AspNetCore.Builder.UseMiddlewareExtensions.<>c__DisplayClass4_1.<UseMiddleware>b__2(HttpContext context)
   at Microsoft.AspNetCore.StaticFiles.StaticFileMiddleware.Invoke(HttpContext context)
   at Swashbuckle.AspNetCore.SwaggerUI.SwaggerUIMiddleware.Invoke(HttpContext httpContext)
   at Swashbuckle.AspNetCore.Swagger.SwaggerMiddleware.Invoke(HttpContext httpContext, ISwaggerProvider swaggerProvider)
   at WanderLust.Startup.<>c.<<Configure>b__5_0>d.MoveNext() in C:\Users\hp\source\repos\Wanderlust\WanderLust\Startup.cs:line 180
--- End of stack trace from previous location where exception was thrown ---
   at Microsoft.AspNetCore.Authorization.AuthorizationMiddleware.Invoke(HttpContext context)
   at Microsoft.AspNetCore.Authentication.AuthenticationMiddleware.Invoke(HttpContext context)
   at Microsoft.AspNetCore.Routing.EndpointRoutingMiddleware.<Invoke>g__AwaitMatcher|8_0(EndpointRoutingMiddleware middleware, HttpContext httpContext, Task`1 matcherTask)
   at Microsoft.AspNetCore.Diagnostics.DeveloperExceptionPageMiddleware.Invoke(HttpContext context)
   at Microsoft.AspNetCore.Diagnostics.DeveloperExceptionPageMiddleware.Invoke(HttpContext context)
   at Microsoft.AspNetCore.Server.IIS.Core.IISHttpContextOfT`1.ProcessRequestAsync()
2021-09-20T18:59:32.6143136+05:45 [ERR] (Microsoft.AspNetCore.Diagnostics.DeveloperExceptionPageMiddleware) An unhandled exception has occurred while executing the request.
System.InvalidOperationException: Response already started
   at Microsoft.AspNetCore.Server.IIS.Core.IISHttpContext.OnStarting(Func`2 callback, Object state)
   at Microsoft.AspNetCore.Server.IIS.Core.IISHttpContext.Microsoft.AspNetCore.Http.Features.IHttpResponseFeature.OnStarting(Func`2 callback, Object state)
   at Microsoft.AspNetCore.Http.DefaultHttpResponse.OnStarting(Func`2 callback, Object state)
   at Microsoft.AspNetCore.Cors.Infrastructure.CorsMiddleware.EvaluateAndApplyPolicy(HttpContext context, CorsPolicy corsPolicy)
   at Microsoft.AspNetCore.Cors.Infrastructure.CorsMiddleware.Invoke(HttpContext context, ICorsPolicyProvider corsPolicyProvider)
   at Microsoft.AspNetCore.Builder.UseMiddlewareExtensions.<>c__DisplayClass4_1.<UseMiddleware>b__2(HttpContext context)
   at Microsoft.AspNetCore.StaticFiles.StaticFileMiddleware.Invoke(HttpContext context)
   at Swashbuckle.AspNetCore.SwaggerUI.SwaggerUIMiddleware.Invoke(HttpContext httpContext)
   at Swashbuckle.AspNetCore.Swagger.SwaggerMiddleware.Invoke(HttpContext httpContext, ISwaggerProvider swaggerProvider)
   at WanderLust.Startup.<>c.<<Configure>b__5_0>d.MoveNext() in C:\Users\hp\source\repos\Wanderlust\WanderLust\Startup.cs:line 180
--- End of stack trace from previous location where exception was thrown ---
   at Microsoft.AspNetCore.Authorization.AuthorizationMiddleware.Invoke(HttpContext context)
   at Microsoft.AspNetCore.Authentication.AuthenticationMiddleware.Invoke(HttpContext context)
   at Microsoft.AspNetCore.Routing.EndpointRoutingMiddleware.<Invoke>g__AwaitMatcher|8_0(EndpointRoutingMiddleware middleware, HttpContext httpContext, Task`1 matcherTask)
   at Microsoft.AspNetCore.Diagnostics.DeveloperExceptionPageMiddleware.Invoke(HttpContext context)
2021-09-20T18:59:32.6201628+05:45 [WRN] (Microsoft.AspNetCore.Diagnostics.DeveloperExceptionPageMiddleware) The response has already started, the error page middleware will not be executed.
2021-09-20T18:59:32.6250423+05:45 [ERR] (Microsoft.AspNetCore.Server.IIS.Core.IISHttpServer) Connection ID ""18302628887244308497"", Request ID ""80000012-0000-fe00-b63f-84710c7967bb"": An unhandled exception was thrown by the application.
System.InvalidOperationException: Response already started
   at Microsoft.AspNetCore.Server.IIS.Core.IISHttpContext.OnStarting(Func`2 callback, Object state)
   at Microsoft.AspNetCore.Server.IIS.Core.IISHttpContext.Microsoft.AspNetCore.Http.Features.IHttpResponseFeature.OnStarting(Func`2 callback, Object state)
   at Microsoft.AspNetCore.Http.DefaultHttpResponse.OnStarting(Func`2 callback, Object state)
   at Microsoft.AspNetCore.Cors.Infrastructure.CorsMiddleware.EvaluateAndApplyPolicy(HttpContext context, CorsPolicy corsPolicy)
   at Microsoft.AspNetCore.Cors.Infrastructure.CorsMiddleware.Invoke(HttpContext context, ICorsPolicyProvider corsPolicyProvider)
   at Microsoft.AspNetCore.Builder.UseMiddlewareExtensions.<>c__DisplayClass4_1.<UseMiddleware>b__2(HttpContext context)
   at Microsoft.AspNetCore.StaticFiles.StaticFileMiddleware.Invoke(HttpContext context)
   at Swashbuckle.AspNetCore.SwaggerUI.SwaggerUIMiddleware.Invoke(HttpContext httpContext)
   at Swashbuckle.AspNetCore.Swagger.SwaggerMiddleware.Invoke(HttpContext httpContext, ISwaggerProvider swaggerProvider)
   at WanderLust.Startup.<>c.<<Configure>b__5_0>d.MoveNext() in C:\Users\hp\source\repos\Wanderlust\WanderLust\Startup.cs:line 180
--- End of stack trace from previous location where exception was thrown ---
   at Microsoft.AspNetCore.Authorization.AuthorizationMiddleware.Invoke(HttpContext context)
   at Microsoft.AspNetCore.Authentication.AuthenticationMiddleware.Invoke(HttpContext context)
   at Microsoft.AspNetCore.Routing.EndpointRoutingMiddleware.<Invoke>g__AwaitMatcher|8_0(EndpointRoutingMiddleware middleware, HttpContext httpContext, Task`1 matcherTask)
   at Microsoft.AspNetCore.Diagnostics.DeveloperExceptionPageMiddleware.Invoke(HttpContext context)
   at Microsoft.AspNetCore.Diagnostics.DeveloperExceptionPageMiddleware.Invoke(HttpContext context)
   at Microsoft.AspNetCore.Server.IIS.Core.IISHttpContextOfT`1.ProcessRequestAsync()
2021-09-20T18:59:32.6277914+05:45 [ERR] (Microsoft.AspNetCore.Diagnostics.DeveloperExceptionPageMiddleware) An unhandled exception has occurred while executing the request.
System.InvalidOperationException: Response already started
   at Microsoft.AspNetCore.Server.IIS.Core.IISHttpContext.OnStarting(Func`2 callback, Object state)
   at Microsoft.AspNetCore.Server.IIS.Core.IISHttpContext.Microsoft.AspNetCore.Http.Features.IHttpResponseFeature.OnStarting(Func`2 callback, Object state)
   at Microsoft.AspNetCore.Http.DefaultHttpResponse.OnStarting(Func`2 callback, Object state)
   at Microsoft.AspNetCore.Cors.Infrastructure.CorsMiddleware.EvaluateAndApplyPolicy(HttpContext context, CorsPolicy corsPolicy)
   at Microsoft.AspNetCore.Cors.Infrastructure.CorsMiddleware.Invoke(HttpContext context, ICorsPolicyProvider corsPolicyProvider)
   at Microsoft.AspNetCore.Builder.UseMiddlewareExtensions.<>c__DisplayClass4_1.<UseMiddleware>b__2(HttpContext context)
   at Microsoft.AspNetCore.StaticFiles.StaticFileMiddleware.Invoke(HttpContext context)
   at Swashbuckle.AspNetCore.SwaggerUI.SwaggerUIMiddleware.Invoke(HttpContext httpContext)
   at Swashbuckle.AspNetCore.Swagger.SwaggerMiddleware.Invoke(HttpContext httpContext, ISwaggerProvider swaggerProvider)
   at WanderLust.Startup.<>c.<<Configure>b__5_0>d.MoveNext() in C:\Users\hp\source\repos\Wanderlust\WanderLust\Startup.cs:line 180
--- End of stack trace from previous location where exception was thrown ---
   at Microsoft.AspNetCore.Authorization.AuthorizationMiddleware.Invoke(HttpContext context)
   at Microsoft.AspNetCore.Authentication.AuthenticationMiddleware.Invoke(HttpContext context)
   at Microsoft.AspNetCore.Diagnostics.DeveloperExceptionPageMiddleware.Invoke(HttpContext context)
2021-09-20T18:59:32.6292065+05:45 [WRN] (Microsoft.AspNetCore.Diagnostics.DeveloperExceptionPageMiddleware) The response has already started, the error page middleware will not be executed.
2021-09-20T18:59:32.6303360+05:45 [ERR] (Microsoft.AspNetCore.Server.IIS.Core.IISHttpServer) Connection ID ""17798225741863714842"", Request ID ""8000001b-0003-f700-b63f-84710c7967bb"": An unhandled exception was thrown by the application.
System.InvalidOperationException: Response already started
   at Microsoft.AspNetCore.Server.IIS.Core.IISHttpContext.OnStarting(Func`2 callback, Object state)
   at Microsoft.AspNetCore.Server.IIS.Core.IISHttpContext.Microsoft.AspNetCore.Http.Features.IHttpResponseFeature.OnStarting(Func`2 callback, Object state)
   at Microsoft.AspNetCore.Http.DefaultHttpResponse.OnStarting(Func`2 callback, Object state)
   at Microsoft.AspNetCore.Cors.Infrastructure.CorsMiddleware.EvaluateAndApplyPolicy(HttpContext context, CorsPolicy corsPolicy)
   at Microsoft.AspNetCore.Cors.Infrastructure.CorsMiddleware.Invoke(HttpContext context, ICorsPolicyProvider corsPolicyProvider)
   at Microsoft.AspNetCore.Builder.UseMiddlewareExtensions.<>c__DisplayClass4_1.<UseMiddleware>b__2(HttpContext context)
   at Microsoft.AspNetCore.StaticFiles.StaticFileMiddleware.Invoke(HttpContext context)
   at Swashbuckle.AspNetCore.SwaggerUI.SwaggerUIMiddleware.Invoke(HttpContext httpContext)
   at Swashbuckle.AspNetCore.Swagger.SwaggerMiddleware.Invoke(HttpContext httpContext, ISwaggerProvider swaggerProvider)
   at WanderLust.Startup.<>c.<<Configure>b__5_0>d.MoveNext() in C:\Users\hp\source\repos\Wanderlust\WanderLust\Startup.cs:line 180
--- End of stack trace from previous location where exception was thrown ---
   at Microsoft.AspNetCore.Authorization.AuthorizationMiddleware.Invoke(HttpContext context)
   at Microsoft.AspNetCore.Authentication.AuthenticationMiddleware.Invoke(HttpContext context)
   at Microsoft.AspNetCore.Diagnostics.DeveloperExceptionPageMiddleware.Invoke(HttpContext context)
   at Microsoft.AspNetCore.Diagnostics.DeveloperExceptionPageMiddleware.Invoke(HttpContext context)
   at Microsoft.AspNetCore.Server.IIS.Core.IISHttpContextOfT`1.ProcessRequestAsync()
